<?xml version="1.0" encoding="UTF-8"?>
<!-- Generated by org.testng.reporters.JUnitXMLReporter -->
<testsuite hostname="LPC020" ignored="0" tests="3" failures="0" timestamp="07 Jun 2021 17:30:58 GMT" time="0.04" errors="0">
  <testcase name="@BeforeClass Setup" time="0.0" classname="AppiumTest">
    <failure type="org.testng.TestNGException" message="
Parameter &amp;apos;ModelName&amp;apos; is required by BeforeClass on method Setup but has not been marked @Optional or defined
">
      <![CDATA[org.testng.TestNGException: 
Parameter 'ModelName' is required by BeforeClass on method Setup but has not been marked @Optional or defined

... Removed 32 stack frames]]>
    </failure>
  </testcase> <!-- @BeforeClass Setup -->
  <testcase name="@AfterClass teardown" time="0.0" classname="AppiumTest">
    <skipped/>
  </testcase> <!-- @AfterClass teardown -->
  <testcase name="SelectAproduct" time="0.0" classname="AppiumTest">
    <skipped/>
  </testcase> <!-- SelectAproduct -->
  <testcase name="AddAreview" time="0.0" classname="AppiumTest">
    <skipped/>
  </testcase> <!-- AddAreview -->
  <testcase name="VerifyAReview" time="0.0" classname="AppiumTest">
    <skipped/>
  </testcase> <!-- VerifyAReview -->
</testsuite>
